alsa-utils/testing,testing,testing,now 1.1.6-1 amd64 [installed]
apparmor/testing,testing,testing,now 2.13-8 amd64 [installed,automatic]
audacity/testing,testing,testing,now 2.2.2-1+b1 amd64 [installed]
audacity-data/testing,testing,testing,testing,testing,testing,now 2.2.2-1 all [installed,automatic]
bash-completion/testing,testing,testing,testing,testing,testing,now 1:2.8-1 all [installed]
binutils-x86-64-linux-gnu/testing,testing,testing,now 2.31.1-5 amd64 [installed,automatic]
bluez/testing,testing,testing,now 5.50-1 amd64 [installed,automatic]
bluez-obexd/testing,testing,testing,now 5.50-1 amd64 [installed,automatic]
bridge-utils/testing,testing,testing,now 1.5-16 amd64 [installed]
code/stable,now 1.27.2-1536736588 amd64 [installed]
connman/testing,testing,testing,now 1.36-1 amd64 [installed,automatic]
console-setup-linux/testing,testing,testing,testing,testing,testing,now 1.185 all [installed,automatic]
crda/testing,testing,testing,now 3.18-1 amd64 [installed,automatic]
debian-faq/testing,testing,testing,testing,testing,testing,now 8.1 all [installed]
discover/testing,testing,testing,now 2.1.2-8 amd64 [installed]
dmeventd/testing,testing,testing,now 2:1.02.145-4.1 amd64 [installed,automatic]
dmsetup/testing,testing,testing,now 2:1.02.145-4.1 amd64 [installed]
doc-debian/testing,testing,testing,testing,testing,testing,now 6.4 all [installed]
e2fsprogs/testing,testing,testing,now 1.44.4-2 amd64 [installed]
e2fsprogs-l10n/testing,testing,testing,testing,testing,testing,now 1.44.4-2 all [installed,automatic]
ebtables/testing,testing,testing,now 2.0.10.4-5 amd64 [installed,automatic]
efibootmgr/testing,testing,testing,now 15-1 amd64 [installed,automatic]
eject/testing,testing,testing,now 2.1.5+deb1+cvs20081104-13.2 amd64 [installed]
fdisk/testing,testing,testing,now 2.32.1-0.1 amd64 [installed,automatic]
firmware-linux-free/testing,testing,testing,testing,testing,testing,now 3.4 all [installed,automatic]
firmware-misc-nonfree/testing,testing,testing,testing,testing,testing,now 20180825+dfsg-1 all [installed]
fuse/testing,testing,testing,now 2.9.8-2 amd64 [installed,automatic]
gir1.2-ibus-1.0/testing,testing,testing,now 1.5.19-1 amd64 [installed]
git/testing,testing,testing,now 1:2.18.0-1 amd64 [installed,automatic]
git-man/testing,testing,testing,testing,testing,testing,now 1:2.18.0-1 all [installed,automatic]
hdparm/testing,testing,testing,now 9.56+ds-2 amd64 [installed]
hp-ppd/testing,testing,testing,testing,testing,testing,now 0.9-0.3 all [installed,automatic]
hplip/testing,testing,testing,now 3.17.10+repack0-5 amd64 [installed]
hplip-data/testing,testing,testing,testing,testing,testing,now 3.17.10+repack0-5 all [installed]
hwinfo/testing,testing,testing,now 21.56-1+b1 amd64 [installed]
ibus/testing,testing,testing,now 1.5.19-1 amd64 [installed]
ibus-anthy/testing,testing,testing,now 1.5.10-1 amd64 [installed]
ibus-chewing/testing,testing,testing,now 1.5.1-3 amd64 [installed]
ibus-gtk/testing,testing,testing,now 1.5.19-1 amd64 [installed]
initramfs-tools/testing,testing,testing,testing,testing,testing,now 0.132 all [installed]
initramfs-tools-core/testing,testing,testing,testing,testing,testing,now 0.132 all [installed,automatic]
iproute2/testing,testing,testing,now 4.18.0-2 amd64 [installed]
iptables/testing,testing,testing,now 1.6.2-1.1 amd64 [installed]
iw/testing,testing,testing,now 4.14-0.1 amd64 [installed,automatic]
kbd/testing,testing,testing,now 2.0.4-4 amd64 [installed,automatic]
klibc-utils/testing,testing,testing,now 2.0.4-14 amd64 [installed,automatic]
kmod/testing,testing,testing,now 25-1 amd64 [installed]
libaio1/testing,testing,testing,now 0.3.111-1 amd64 [installed,automatic]
libao-common/testing,testing,testing,testing,testing,testing,now 1.2.2+20180113-1 all [installed,automatic]
libao4/testing,testing,testing,now 1.2.2+20180113-1 amd64 [installed,automatic]
libasound2/testing,testing,testing,now 1.1.6-1 amd64 [installed,automatic]
libasound2-data/testing,testing,testing,testing,testing,testing,now 1.1.6-1 all [installed,automatic]
libasound2-plugins/testing,testing,testing,now 1.1.6-1+b1 amd64 [installed,automatic]
libasyncns0/testing,testing,testing,now 0.8-6 amd64 [installed,automatic]
libavdevice58/testing,testing,testing,now 7:4.0.2-1+b1 amd64 [installed,automatic]
libbluetooth3/testing,testing,testing,now 5.50-1 amd64 [installed,automatic]
libcanberra0/testing,testing,testing,now 0.30-6 amd64 [installed,automatic]
libcap-ng0/testing,testing,testing,now 0.7.9-1 amd64 [installed]
libcap2/testing,testing,testing,now 1:2.25-1.2 amd64 [installed]
libcap2-bin/testing,testing,testing,now 1:2.25-1.2 amd64 [installed,automatic]
libcapstone3/testing,testing,testing,now 3.0.5-3 amd64 [installed,automatic]
libconfig++9v5/testing,testing,testing,now 1.5-0.4 amd64 [installed,automatic]
libcpufreq0/testing,testing,testing,now 008-1+b1 amd64 [installed,automatic]
libcryptsetup12/testing,testing,testing,now 2:2.0.4-2 amd64 [installed,automatic]
libcryptsetup4/now 2:1.7.3-4 amd64 [installed,local]
libdevmapper-event1.02.1/testing,testing,testing,now 2:1.02.145-4.1 amd64 [installed,automatic]
libdevmapper1.02.1/testing,testing,testing,now 2:1.02.145-4.1 amd64 [installed]
libdrm-amdgpu1/testing,testing,testing,now 2.4.94-1 amd64 [installed,automatic]
libdrm-common/testing,testing,testing,testing,testing,testing,now 2.4.94-1 all [installed,automatic]
libdrm-dev/testing,testing,testing,now 2.4.94-1 amd64 [installed,automatic]
libdrm-intel1/testing,testing,testing,now 2.4.94-1 amd64 [installed,automatic]
libdrm-nouveau2/testing,testing,testing,now 2.4.94-1 amd64 [installed,automatic]
libdrm-radeon1/testing,testing,testing,now 2.4.94-1 amd64 [installed,automatic]
libdrm2/testing,testing,testing,now 2.4.94-1 amd64 [installed,automatic]
libext2fs2/testing,testing,testing,now 1.44.4-2 amd64 [installed,automatic]
libffado2/testing,testing,testing,now 2.4.1-0.1 amd64 [installed,automatic]
libfuse2/testing,testing,testing,now 2.9.8-2 amd64 [installed,automatic]
libglu1-mesa/testing,testing,testing,now 9.0.0-2.1 amd64 [installed,automatic]
libgutenprint2/testing,testing,testing,now 5.2.13-2+b1 amd64 [installed,automatic]
libhd21/testing,testing,testing,now 21.56-1+b1 amd64 [installed,automatic]
libhpmud0/testing,testing,testing,now 3.17.10+repack0-5 amd64 [installed]
libhyphen0/testing,testing,testing,now 2.8.8-5 amd64 [installed,automatic]
libibus-1.0-5/testing,testing,testing,now 1.5.19-1 amd64 [installed,automatic]
libiec61883-0/testing,testing,testing,now 1.2.0-2 amd64 [installed,automatic]
libiw30/testing,testing,testing,now 30~pre9-12+b1 amd64 [installed,automatic]
libkeyutils1/testing,testing,testing,now 1.5.9-9.3 amd64 [installed,automatic]
liblirc-client0/testing,testing,testing,now 0.10.0-2+b1 amd64 [installed,automatic]
libltdl-dev/testing,testing,testing,now 2.4.6-4 amd64 [installed,automatic]
libltdl7/testing,testing,testing,now 2.4.6-4 amd64 [installed,automatic]
libmjpegutils-2.1-0/testing,testing,testing,now 1:2.1.0+debian-5 amd64 [installed,automatic]
libmpeg2encpp-2.1-0/testing,testing,testing,now 1:2.1.0+debian-5 amd64 [installed,automatic]
libmplex2-2.1-0/testing,testing,testing,now 1:2.1.0+debian-5 amd64 [installed,automatic]
libnatpmp1/testing,testing,testing,now 20150609-5 amd64 [installed,automatic]
libnss-mdns/testing,testing,testing,now 0.14.1-1 amd64 [installed,automatic]
libopenimageio1.8/testing,testing,testing,now 1.8.14~dfsg0-1 amd64 [installed,automatic]
libpam-cap/testing,testing,testing,now 1:2.25-1.2 amd64 [installed,automatic]
libpam0g/testing,testing,testing,now 1.1.8-3.8 amd64 [installed]
libpci3/testing,testing,testing,now 1:3.5.2-1 amd64 [installed,automatic]
libraw1394-11/testing,testing,testing,now 2.1.2-1+b1 amd64 [installed,automatic]
libsane/testing,testing,testing,now 1.0.25-4.1 amd64 [installed,automatic]
libsane-common/testing,testing,testing,testing,testing,testing,now 1.0.25-4.1 all [installed,automatic]
libsane-extras/testing,testing,testing,now 1.0.22.6 amd64 [installed,automatic]
libsane-extras-common/testing,testing,testing,testing,testing,testing,now 1.0.22.6 all [installed,automatic]
libsane-hpaio/testing,testing,testing,now 3.17.10+repack0-5 amd64 [installed]
libseccomp2/testing,testing,testing,now 2.3.3-3 amd64 [installed]
libselinux1/testing,testing,testing,now 2.8-1+b1 amd64 [installed]
libsemanage-common/testing,testing,testing,testing,testing,testing,now 2.8-1 all [installed]
libsemanage1/testing,testing,testing,now 2.8-1+b1 amd64 [installed]
libsensors4/testing,testing,testing,now 1:3.4.0-4 amd64 [installed,automatic]
libsepol1/testing,testing,testing,now 2.8-1 amd64 [installed]
libsnapd-glib1/testing,testing,testing,now 1.38-1 amd64 [installed,automatic]
libsonic0/testing,testing,testing,now 0.2.0-6 amd64 [installed,automatic]
libsysfs2/testing,testing,testing,now 2.1.0+repack-4+b2 amd64 [installed,automatic]
libteamdctl0/testing,testing,testing,now 1.27-1 amd64 [installed,automatic]
libtsan0/testing,testing,testing,now 8.2.0-6 amd64 [installed,automatic]
libusb-0.1-4/testing,testing,testing,now 2:0.1.12-32 amd64 [installed,automatic]
libusb-1.0-0/testing,testing,testing,now 2:1.0.22-2 amd64 [installed,automatic]
libv4l-0/testing,testing,testing,now 1.14.2-1 amd64 [installed,automatic]
libv4lconvert0/testing,testing,testing,now 1.14.2-1 amd64 [installed,automatic]
libva-drm2/testing,testing,testing,now 2.2.0-1 amd64 [installed,automatic]
libva-wayland2/testing,testing,testing,now 2.2.0-1 amd64 [installed,automatic]
libva-x11-2/testing,testing,testing,now 2.2.0-1 amd64 [installed,automatic]
libva2/testing,testing,testing,now 2.2.0-1 amd64 [installed,automatic]
libvdpau1/testing,testing,testing,now 1.1.1-8 amd64 [installed,automatic]
libvirt-clients/testing,testing,testing,now 4.7.0-1 amd64 [installed]
libvirt-daemon/testing,testing,testing,now 4.7.0-1 amd64 [installed,automatic]
libvirt-daemon-system/testing,testing,testing,now 4.7.0-1 amd64 [installed]
libvirt-dev/testing,testing,testing,now 4.7.0-1 amd64 [installed]
libvirt0/testing,testing,testing,now 4.7.0-1 amd64 [installed,automatic]
libwayland-bin/testing,testing,testing,now 1.16.0-1 amd64 [installed,automatic]
libwayland-client0/testing,testing,testing,now 1.16.0-1 amd64 [installed,automatic]
libwayland-cursor0/testing,testing,testing,now 1.16.0-1 amd64 [installed,automatic]
libwayland-dev/testing,testing,testing,now 1.16.0-1 amd64 [installed,automatic]
libwayland-egl1/testing,testing,testing,now 1.16.0-1 amd64 [installed,automatic]
libwayland-server0/testing,testing,testing,now 1.16.0-1 amd64 [installed,automatic]
libwxbase3.0-0v5/testing,testing,testing,now 3.0.4+dfsg-4 amd64 [installed,automatic]
libzvbi-common/testing,testing,testing,testing,testing,testing,now 0.2.35-13 all [installed,automatic]
libzvbi0/testing,testing,testing,now 0.2.35-13 amd64 [installed,automatic]
linux-base/testing,testing,testing,testing,testing,testing,now 4.5 all [installed,automatic]
linux-compiler-gcc-7-x86/testing,testing,testing,now 4.18.6-1 amd64 [installed,automatic]
linux-headers-4.17.0-3-amd64/now 4.17.17-1 amd64 [installed,local]
linux-headers-4.17.0-3-common/now 4.17.17-1 all [installed,local]
linux-headers-4.18.0-1-amd64/testing,testing,testing,now 4.18.6-1 amd64 [installed,automatic]
linux-headers-4.18.0-1-common/testing,testing,testing,testing,testing,testing,now 4.18.6-1 all [installed,automatic]
linux-headers-amd64/testing,testing,testing,now 4.18+98 amd64 [installed,automatic]
linux-image-4.17.0-3-amd64/now 4.17.17-1 amd64 [installed,local]
linux-image-4.18.0-1-amd64/testing,testing,testing,now 4.18.6-1 amd64 [installed,automatic]
linux-image-amd64/testing,testing,testing,now 4.18+98 amd64 [installed]
linux-kbuild-4.17/now 4.17.17-1 amd64 [installed,local]
linux-kbuild-4.18/testing,testing,testing,now 4.18.6-1 amd64 [installed,automatic]
linux-libc-dev/testing,testing,testing,now 4.18.6-1 amd64 [installed]
linux-libc-dev-alpha-cross/testing,testing,testing,testing,testing,testing,now 4.16.5-1cross3 all [installed]
linux-libc-dev-amd64-cross/testing,testing,testing,testing,testing,testing,now 4.16.5-1cross3 all [installed]
linux-libc-dev-arm64-cross/testing,testing,testing,testing,testing,testing,now 4.16.5-1cross3 all [installed]
linux-libc-dev-armel-cross/testing,testing,testing,testing,testing,testing,now 4.16.5-1cross3 all [installed]
linux-libc-dev-armhf-cross/testing,testing,testing,testing,testing,testing,now 4.16.5-1cross3 all [installed]
linux-libc-dev-hppa-cross/testing,testing,testing,testing,testing,testing,now 4.16.5-1cross3 all [installed]
linux-libc-dev-i386-cross/testing,testing,testing,testing,testing,testing,now 4.16.5-1cross3 all [installed]
linux-libc-dev-m68k-cross/testing,testing,testing,testing,testing,testing,now 4.16.5-1cross3 all [installed]
linux-libc-dev-mips-cross/testing,testing,testing,testing,testing,testing,now 4.16.5-1cross3 all [installed]
linux-libc-dev-mips64-cross/testing,testing,testing,testing,testing,testing,now 4.16.5-1cross3 all [installed]
linux-libc-dev-mips64el-cross/testing,testing,testing,testing,testing,testing,now 4.16.5-1cross3 all [installed]
linux-libc-dev-mips64r6-cross/testing,testing,testing,testing,testing,testing,now 4.16.5-1cross3 all [installed]
linux-libc-dev-mips64r6el-cross/testing,testing,testing,testing,testing,testing,now 4.16.5-1cross3 all [installed]
linux-libc-dev-mipsel-cross/testing,testing,testing,testing,testing,testing,now 4.16.5-1cross3 all [installed]
linux-libc-dev-mipsn32-cross/testing,testing,testing,testing,testing,testing,now 4.16.5-1cross3 all [installed]
linux-libc-dev-mipsn32el-cross/testing,testing,testing,testing,testing,testing,now 4.16.5-1cross3 all [installed]
linux-libc-dev-mipsn32r6-cross/testing,testing,testing,testing,testing,testing,now 4.16.5-1cross3 all [installed]
linux-libc-dev-mipsn32r6el-cross/testing,testing,testing,testing,testing,testing,now 4.16.5-1cross3 all [installed]
linux-libc-dev-mipsr6-cross/testing,testing,testing,testing,testing,testing,now 4.16.5-1cross3 all [installed]
linux-libc-dev-mipsr6el-cross/testing,testing,testing,testing,testing,testing,now 4.16.5-1cross3 all [installed]
linux-libc-dev-powerpc-cross/testing,testing,testing,testing,testing,testing,now 4.16.5-1cross3 all [installed]
linux-libc-dev-powerpcspe-cross/testing,testing,testing,testing,testing,testing,now 4.16.5-1cross3 all [installed]
linux-libc-dev-ppc64-cross/testing,testing,testing,testing,testing,testing,now 4.16.5-1cross3 all [installed]
linux-libc-dev-ppc64el-cross/testing,testing,testing,testing,testing,testing,now 4.16.5-1cross3 all [installed]
linux-libc-dev-riscv64-cross/testing,testing,testing,testing,testing,testing,now 4.16.5-1cross3 all [installed]
linux-libc-dev-s390x-cross/testing,testing,testing,testing,testing,testing,now 4.16.5-1cross3 all [installed]
linux-libc-dev-sh4-cross/testing,testing,testing,testing,testing,testing,now 4.16.5-1cross3 all [installed]
linux-libc-dev-sparc64-cross/testing,testing,testing,testing,testing,testing,now 4.16.5-1cross3 all [installed]
linux-libc-dev-x32-cross/testing,testing,testing,testing,testing,testing,now 4.16.5-1cross3 all [installed]
linuxbrew-wrapper/testing,testing,testing,testing,testing,testing,now 20180904-1 all [installed]
lios/testing,testing,testing,testing,testing,testing,now 2.7-2 all [installed]
lsb-base/testing,testing,testing,testing,testing,testing,now 9.20170808 all [installed]
lsb-release/testing,testing,testing,testing,testing,testing,now 9.20170808 all [installed,automatic]
lvm2/testing,testing,testing,now 2.02.176-4.1 amd64 [installed]
manpages/testing,testing,testing,testing,testing,testing,now 4.16-1 all [installed]
manpages-dev/testing,testing,testing,testing,testing,testing,now 4.16-1 all [installed,automatic]
ncurses-base/testing,testing,testing,testing,testing,testing,now 6.1+20180714-1 all [installed]
neofetch/testing,testing,testing,testing,testing,testing,now 5.0.0-1 all [installed]
notification-daemon/testing,testing,testing,now 3.20.0-3 amd64 [installed,automatic]
ofono/testing,testing,testing,now 1.21-1 amd64 [installed,automatic]
parted/testing,testing,testing,now 3.2-21+b1 amd64 [installed,automatic]
pciutils/testing,testing,testing,now 1:3.5.2-1 amd64 [installed]
playonlinux/testing,testing,testing,testing,testing,testing,now 4.2.12-1 all [installed]
powertop/testing,testing,testing,now 2.8-1+b2 amd64 [installed,automatic]
printer-driver-gutenprint/testing,testing,testing,now 5.2.13-2+b1 amd64 [installed,automatic]
printer-driver-hpcups/testing,testing,testing,now 3.17.10+repack0-5 amd64 [installed]
printer-driver-hpijs/testing,testing,testing,now 3.17.10+repack0-5 amd64 [installed]
printer-driver-pnm2ppa/testing,testing,testing,now 1.13-9 amd64 [installed,automatic]
printer-driver-postscript-hp/testing,testing,testing,testing,testing,testing,now 3.17.10+repack0-5 all [installed,automatic]
printer-driver-sag-gdi/testing,testing,testing,testing,testing,testing,now 0.1-5 all [installed,automatic]
python-libvirt/testing,testing,testing,now 4.6.0-1 amd64 [installed,automatic]
python-psutil/testing,testing,testing,now 5.4.6-1+b1 amd64 [installed,automatic]
python3-distro/testing,testing,testing,testing,testing,testing,now 1.3.0-1 all [installed,automatic]
python3-pyxattr/testing,testing,testing,now 0.6.0-2+b2 amd64 [installed,automatic]
sane-utils/testing,testing,testing,now 1.0.25-4.1 amd64 [installed,automatic]
scim-gtk-immodule/testing,testing,testing,now 1.4.18-2.1 amd64 [installed,automatic]
skypeforlinux/stable,now 8.30.0.50 amd64 [installed]
snapd/testing,testing,testing,now 2.30-5+b1 amd64 [installed,automatic]
squashfs-tools/testing,testing,testing,now 1:4.3-6 amd64 [installed,automatic]
sysprof/testing,testing,testing,now 3.30.0-1 amd64 [installed]
systemd/testing,testing,testing,now 239-9 amd64 [installed]
systemd-sysv/testing,testing,testing,now 239-9 amd64 [installed]
uml-utilities/testing,testing,testing,now 20070815.1-3 amd64 [installed]
usb-modeswitch/testing,testing,testing,now 2.5.2+repack0-2 amd64 [installed,automatic]
usb-modeswitch-data/testing,testing,testing,testing,testing,testing,now 20170806-2 all [installed,automatic]
usbutils/testing,testing,testing,now 1:007-4+b1 amd64 [installed]
user-mode-linux/testing,testing,testing,now 4.17-1um-1 amd64 [installed]
util-linux/testing,testing,testing,now 2.32.1-0.1 amd64 [installed]
util-linux-locales/testing,testing,testing,testing,testing,testing,now 2.32.1-0.1 all [installed,automatic]
vdpau-driver-all/testing,testing,testing,now 1.1.1-8 amd64 [installed,automatic]
virtualbox/testing,testing,testing,now 5.2.18-dfsg-2 amd64 [installed]
virtualbox-dkms/testing,testing,testing,testing,testing,testing,now 5.2.18-dfsg-2 all [installed,automatic]
virtualbox-qt/testing,testing,testing,now 5.2.18-dfsg-2 amd64 [installed,automatic]
winbind/testing,testing,testing,now 2:4.8.5+dfsg-1 amd64 [installed]
wireless-regdb/testing,testing,testing,testing,testing,testing,now 2016.06.10-1 all [installed,automatic]
wireless-tools/testing,testing,testing,now 30~pre9-12+b1 amd64 [installed]
xbrlapi/testing,testing,testing,now 5.6-5 amd64 [installed,automatic]
xserver-xorg-input-mouse/testing,testing,testing,now 1:1.9.3-1 amd64 [installed]
xserver-xorg-legacy/testing,testing,testing,now 2:1.20.1-1 amd64 [installed]
xserver-xorg-video-fbdev/testing,testing,testing,now 1:0.5.0-1 amd64 [installed,automatic]
xserver-xorg-video-qxl/testing,testing,testing,now 0.1.5-2+b1 amd64 [installed,automatic]
xserver-xorg-video-vmware/testing,testing,testing,now 1:13.3.0-2 amd64 [installed,automatic]
zoom/now 2.3.128305.0716 amd64 [installed,local]
